[0.550s] running egg_info
[0.550s] creating /home/yuyonod/ros_python/ros_python/build/ros2_py_pkg/ros2_py_pkg.egg-info
[0.551s] writing /home/yuyonod/ros_python/ros_python/build/ros2_py_pkg/ros2_py_pkg.egg-info/PKG-INFO
[0.551s] writing dependency_links to /home/yuyonod/ros_python/ros_python/build/ros2_py_pkg/ros2_py_pkg.egg-info/dependency_links.txt
[0.551s] writing entry points to /home/yuyonod/ros_python/ros_python/build/ros2_py_pkg/ros2_py_pkg.egg-info/entry_points.txt
[0.551s] writing requirements to /home/yuyonod/ros_python/ros_python/build/ros2_py_pkg/ros2_py_pkg.egg-info/requires.txt
[0.551s] writing top-level names to /home/yuyonod/ros_python/ros_python/build/ros2_py_pkg/ros2_py_pkg.egg-info/top_level.txt
[0.551s] writing manifest file '/home/yuyonod/ros_python/ros_python/build/ros2_py_pkg/ros2_py_pkg.egg-info/SOURCES.txt'
[0.573s] reading manifest file '/home/yuyonod/ros_python/ros_python/build/ros2_py_pkg/ros2_py_pkg.egg-info/SOURCES.txt'
[0.574s] writing manifest file '/home/yuyonod/ros_python/ros_python/build/ros2_py_pkg/ros2_py_pkg.egg-info/SOURCES.txt'
[0.574s] running build
[0.574s] running build_py
[0.574s] creating /home/yuyonod/ros_python/ros_python/build/ros2_py_pkg/build
[0.574s] creating /home/yuyonod/ros_python/ros_python/build/ros2_py_pkg/build/lib
[0.574s] creating /home/yuyonod/ros_python/ros_python/build/ros2_py_pkg/build/lib/python_programs
[0.575s] copying python_programs/__init__.py -> /home/yuyonod/ros_python/ros_python/build/ros2_py_pkg/build/lib/python_programs
[0.575s] copying python_programs/talker.py -> /home/yuyonod/ros_python/ros_python/build/ros2_py_pkg/build/lib/python_programs
[0.575s] copying python_programs/listener.py -> /home/yuyonod/ros_python/ros_python/build/ros2_py_pkg/build/lib/python_programs
[0.575s] running install
[0.575s] running install_lib
[0.575s] creating /home/yuyonod/ros_python/ros_python/install/ros2_py_pkg/lib/python3.6/site-packages/python_programs
[0.575s] copying /home/yuyonod/ros_python/ros_python/build/ros2_py_pkg/build/lib/python_programs/talker.py -> /home/yuyonod/ros_python/ros_python/install/ros2_py_pkg/lib/python3.6/site-packages/python_programs
[0.575s] copying /home/yuyonod/ros_python/ros_python/build/ros2_py_pkg/build/lib/python_programs/__init__.py -> /home/yuyonod/ros_python/ros_python/install/ros2_py_pkg/lib/python3.6/site-packages/python_programs
[0.575s] copying /home/yuyonod/ros_python/ros_python/build/ros2_py_pkg/build/lib/python_programs/listener.py -> /home/yuyonod/ros_python/ros_python/install/ros2_py_pkg/lib/python3.6/site-packages/python_programs
[0.576s] byte-compiling /home/yuyonod/ros_python/ros_python/install/ros2_py_pkg/lib/python3.6/site-packages/python_programs/talker.py to talker.cpython-36.pyc
[0.576s] byte-compiling /home/yuyonod/ros_python/ros_python/install/ros2_py_pkg/lib/python3.6/site-packages/python_programs/__init__.py to __init__.cpython-36.pyc
[0.576s] byte-compiling /home/yuyonod/ros_python/ros_python/install/ros2_py_pkg/lib/python3.6/site-packages/python_programs/listener.py to listener.cpython-36.pyc
[0.576s] running install_egg_info
[0.577s] Copying /home/yuyonod/ros_python/ros_python/build/ros2_py_pkg/ros2_py_pkg.egg-info to /home/yuyonod/ros_python/ros_python/install/ros2_py_pkg/lib/python3.6/site-packages/ros2_py_pkg-0.0.0-py3.6.egg-info
[0.578s] running install_scripts
[0.590s] Installing my_listener script to /home/yuyonod/ros_python/ros_python/install/ros2_py_pkg/lib/ros2_py_pkg
[0.590s] Installing my_talker script to /home/yuyonod/ros_python/ros_python/install/ros2_py_pkg/lib/ros2_py_pkg
[0.590s] writing list of installed files to '/home/yuyonod/ros_python/ros_python/build/ros2_py_pkg/install.log'
