[0.551s] running egg_info
[0.551s] creating /home/yuyonod/ros_python/ros_python/build/my_python/my_python.egg-info
[0.552s] writing /home/yuyonod/ros_python/ros_python/build/my_python/my_python.egg-info/PKG-INFO
[0.552s] writing dependency_links to /home/yuyonod/ros_python/ros_python/build/my_python/my_python.egg-info/dependency_links.txt
[0.552s] writing entry points to /home/yuyonod/ros_python/ros_python/build/my_python/my_python.egg-info/entry_points.txt
[0.552s] writing requirements to /home/yuyonod/ros_python/ros_python/build/my_python/my_python.egg-info/requires.txt
[0.552s] writing top-level names to /home/yuyonod/ros_python/ros_python/build/my_python/my_python.egg-info/top_level.txt
[0.552s] writing manifest file '/home/yuyonod/ros_python/ros_python/build/my_python/my_python.egg-info/SOURCES.txt'
[0.575s] reading manifest file '/home/yuyonod/ros_python/ros_python/build/my_python/my_python.egg-info/SOURCES.txt'
[0.576s] writing manifest file '/home/yuyonod/ros_python/ros_python/build/my_python/my_python.egg-info/SOURCES.txt'
[0.576s] running build
[0.576s] running build_py
[0.576s] creating /home/yuyonod/ros_python/ros_python/build/my_python/build
[0.576s] creating /home/yuyonod/ros_python/ros_python/build/my_python/build/lib
[0.576s] creating /home/yuyonod/ros_python/ros_python/build/my_python/build/lib/python_programs
[0.576s] copying python_programs/__init__.py -> /home/yuyonod/ros_python/ros_python/build/my_python/build/lib/python_programs
[0.576s] copying python_programs/talker.py -> /home/yuyonod/ros_python/ros_python/build/my_python/build/lib/python_programs
[0.576s] copying python_programs/listener.py -> /home/yuyonod/ros_python/ros_python/build/my_python/build/lib/python_programs
[0.577s] running install
[0.577s] running install_lib
[0.577s] creating /home/yuyonod/ros_python/ros_python/install/my_python/lib/python3.6/site-packages/python_programs
[0.577s] copying /home/yuyonod/ros_python/ros_python/build/my_python/build/lib/python_programs/talker.py -> /home/yuyonod/ros_python/ros_python/install/my_python/lib/python3.6/site-packages/python_programs
[0.577s] copying /home/yuyonod/ros_python/ros_python/build/my_python/build/lib/python_programs/__init__.py -> /home/yuyonod/ros_python/ros_python/install/my_python/lib/python3.6/site-packages/python_programs
[0.577s] copying /home/yuyonod/ros_python/ros_python/build/my_python/build/lib/python_programs/listener.py -> /home/yuyonod/ros_python/ros_python/install/my_python/lib/python3.6/site-packages/python_programs
[0.577s] byte-compiling /home/yuyonod/ros_python/ros_python/install/my_python/lib/python3.6/site-packages/python_programs/talker.py to talker.cpython-36.pyc
[0.578s] byte-compiling /home/yuyonod/ros_python/ros_python/install/my_python/lib/python3.6/site-packages/python_programs/__init__.py to __init__.cpython-36.pyc
[0.578s] byte-compiling /home/yuyonod/ros_python/ros_python/install/my_python/lib/python3.6/site-packages/python_programs/listener.py to listener.cpython-36.pyc
[0.578s] running install_egg_info
[0.579s] Copying /home/yuyonod/ros_python/ros_python/build/my_python/my_python.egg-info to /home/yuyonod/ros_python/ros_python/install/my_python/lib/python3.6/site-packages/my_python-0.0.0-py3.6.egg-info
[0.580s] running install_scripts
[0.593s] Installing my_listener script to /home/yuyonod/ros_python/ros_python/install/my_python/lib/my_python
[0.593s] Installing my_talker script to /home/yuyonod/ros_python/ros_python/install/my_python/lib/my_python
[0.593s] writing list of installed files to '/home/yuyonod/ros_python/ros_python/build/my_python/install.log'
